<?xml version="1.0" encoding="UTF-8"?>
<!-- Generated by org.testng.reporters.JUnitReportReporter -->
<testsuite hostname="CSCO-W-PF2RPZF4" failures="0" tests="1" name="TestRunner.TestRunner" time="2.842" errors="0" timestamp="2021-12-22T20:46:30 IST" skipped="0">
  <testcase classname="TestRunner.TestRunner" name="runScenario" time="2.842"/>
  <system-out/>
</testsuite> <!-- TestRunner.TestRunner -->
